<?xml version="1.0" encoding="UTF-8"?>
<!-- Generated by org.testng.reporters.JUnitReportReporter -->
<testsuite name="zeotap.StackOveflow" tests="1" time="20.615" ignored="0" failures="0" timestamp="01 Jan 2017 09:27:09 GMT" skipped="0" hostname="DESKTOP-5RVLEMH" errors="0">
  <testcase name="mtest" time="20.615" classname="zeotap.StackOveflow"/>
</testsuite> <!-- zeotap.StackOveflow -->
